============================= test session starts ==============================
platform linux -- Python 3.12.13, pytest-9.0.2, pluggy-1.6.0 -- /opt/hostedtoolcache/Python/3.12.13/x64/bin/python
cachedir: .pytest_cache
rootdir: /home/runner/work/Dan_Portfolio_Code/Dan_Portfolio_Code/pyspark-transactions
configfile: pyproject.toml
plugins: cov-7.0.0
collecting ... collected 79 items

tests/test_api.py::TestMakeHashifyFn::test_returns_digest PASSED         [  1%]
tests/test_api.py::TestMakeHashifyFn::test_none_input_returns_none PASSED [  2%]
tests/test_api.py::TestMakeHashifyFn::test_custom_base_url_and_field PASSED [  3%]
tests/test_api.py::TestMakeHashifyFn::test_http_error_raises PASSED      [  5%]
tests/test_api.py::TestMakeHashifyFn::test_missing_field_raises_key_error PASSED [  6%]
tests/test_api.py::TestMakeHashifyFn::test_default_retry_constants PASSED [  7%]
tests/test_api.py::TestMakeHashifyFn::test_retry_adapter_mounted PASSED  [  8%]
tests/test_api.py::TestMakeHashifyFn::test_custom_retry_parameters_accepted PASSED [ 10%]
tests/test_config.py::TestLoadParameters::test_loads_valid_config PASSED [ 11%]
tests/test_config.py::TestLoadParameters::test_file_not_found PASSED     [ 12%]
tests/test_config.py::TestLoadParameters::test_missing_required_key_raises PASSED [ 13%]
tests/test_config.py::TestLoadParameters::test_env_variable_override PASSED [ 15%]
tests/test_config.py::TestLoadParameters::test_extra_keys_are_preserved PASSED [ 16%]
tests/test_config.py::TestLoadParameters::test_transaction_type_mapping_with_three_entries PASSED [ 17%]
tests/test_io_utils.py::TestReadCsv::test_reads_valid_csv PASSED         [ 18%]
tests/test_io_utils.py::TestReadCsv::test_reads_with_infer_schema PASSED [ 20%]
tests/test_io_utils.py::TestReadCsv::test_reads_with_custom_delimiter PASSED [ 21%]
tests/test_io_utils.py::TestReadCsv::test_reads_without_header PASSED    [ 22%]
tests/test_io_utils.py::TestReadCsv::test_file_not_found_raises PASSED   [ 24%]
tests/test_io_utils.py::TestReadCsv::test_empty_csv_returns_empty_df PASSED [ 25%]
tests/test_io_utils.py::TestReadCsv::test_csv_with_quoted_fields PASSED  [ 26%]
tests/test_io_utils.py::TestWriteCsv::test_writes_single_csv_file PASSED [ 27%]
tests/test_io_utils.py::TestWriteCsv::test_temp_dir_is_cleaned_up PASSED [ 29%]
tests/test_io_utils.py::TestWriteCsv::test_writes_without_header PASSED  [ 30%]
tests/test_io_utils.py::TestWriteCsv::test_writes_with_custom_delimiter PASSED [ 31%]
tests/test_io_utils.py::TestWriteCsv::test_overwrite_mode PASSED         [ 32%]
tests/test_io_utils.py::TestWriteCsv::test_output_parent_dir_can_exist PASSED [ 34%]
tests/test_io_utils.py::TestWriteCsv::test_multi_partition_coalesced_to_one PASSED [ 35%]
tests/test_io_utils.py::TestWriteCsv::test_no_part_files_raises_runtime_error PASSED [ 36%]
tests/test_main.py::TestParseArgs::test_required_args PASSED             [ 37%]
tests/test_main.py::TestParseArgs::test_all_args PASSED                  [ 39%]
tests/test_main.py::TestParseArgs::test_missing_required_contracts PASSED [ 40%]
tests/test_main.py::TestParseArgs::test_missing_required_claims PASSED   [ 41%]
tests/test_main.py::TestParseArgs::test_invalid_log_level PASSED         [ 43%]
tests/test_main.py::TestCreateSparkSession::test_returns_spark_session PASSED [ 44%]
tests/test_main.py::TestCreateSparkSession::test_custom_app_name PASSED  [ 45%]
tests/test_main.py::TestRunPipeline::test_end_to_end_produces_file PASSED [ 46%]
tests/test_main.py::TestRunPipeline::test_output_directory_created PASSED [ 48%]
tests/test_main.py::TestRunPipeline::test_missing_contracts_file_raises PASSED [ 49%]
tests/test_main.py::TestRunPipeline::test_missing_claims_file_raises PASSED [ 50%]
tests/test_main.py::TestMain::test_main_with_valid_args PASSED           [ 51%]
tests/test_main.py::TestMain::test_main_bad_config_path PASSED           [ 53%]
tests/test_main.py::test_main_guard FAILED                               [ 54%]
tests/test_transform.py::TestAddSourceSystem::test_literal_value PASSED  [ 55%]
tests/test_transform.py::TestAddSourceSystem::test_custom_source_system PASSED [ 56%]
tests/test_transform.py::TestAddSourceSystemId::test_extracts_numeric_suffix[CL_68545123-68545123] PASSED [ 58%]
tests/test_transform.py::TestAddSourceSystemId::test_extracts_numeric_suffix[RX_9845163-9845163] PASSED [ 59%]
tests/test_transform.py::TestAddSourceSystemId::test_extracts_numeric_suffix[CX_12066501-12066501] PASSED [ 60%]
tests/test_transform.py::TestAddSourceSystemId::test_extracts_numeric_suffix[U_7065313-7065313] PASSED [ 62%]
tests/test_transform.py::TestAddSourceSystemId::test_extracts_numeric_suffix[A_123-123] PASSED [ 63%]
tests/test_transform.py::TestAddSourceSystemId::test_no_underscore_returns_null PASSED [ 64%]
tests/test_transform.py::TestAddTransactionType::test_corporate PASSED   [ 65%]
tests/test_transform.py::TestAddTransactionType::test_private PASSED     [ 67%]
tests/test_transform.py::TestAddTransactionType::test_empty_claim_type_defaults_to_unknown PASSED [ 68%]
tests/test_transform.py::TestAddTransactionType::test_null_claim_type_defaults_to_unknown PASSED [ 69%]
tests/test_transform.py::TestAddTransactionType::test_unknown_claim_type_defaults PASSED [ 70%]
tests/test_transform.py::TestAddTransactionType::test_custom_mapping_from_config PASSED [ 72%]
tests/test_transform.py::TestAddTransactionType::test_empty_mapping_uses_default PASSED [ 73%]
tests/test_transform.py::TestAddTransactionDirection::test_cl_prefix PASSED [ 74%]
tests/test_transform.py::TestAddTransactionDirection::test_rx_prefix PASSED [ 75%]
tests/test_transform.py::TestAddTransactionDirection::test_cx_prefix_returns_null PASSED [ 77%]
tests/test_transform.py::TestAddTransactionDirection::test_u_prefix_returns_null PASSED [ 78%]
tests/test_transform.py::TestAddTransactionDirection::test_custom_direction_from_config PASSED [ 79%]
tests/test_transform.py::TestAddTransactionDirection::test_empty_direction_mapping_returns_null PASSED [ 81%]
tests/test_transform.py::TestAddConformedValue::test_decimal_cast PASSED [ 82%]
tests/test_transform.py::TestAddConformedValue::test_integer_amount PASSED [ 83%]
tests/test_transform.py::TestAddConformedValue::test_null_amount PASSED  [ 84%]
tests/test_transform.py::TestAddBusinessDate::test_parses_dd_mm_yyyy PASSED [ 86%]
tests/test_transform.py::TestAddBusinessDate::test_null_date PASSED      [ 87%]
tests/test_transform.py::TestAddCreationDate::test_parses_datetime PASSED [ 88%]
tests/test_transform.py::TestAddCreationDate::test_null_creation_date PASSED [ 89%]
tests/test_transform.py::TestAddSystemTimestamp::test_not_null PASSED    [ 91%]
tests/test_transform.py::TestAddNseId::test_applies_hash_fn PASSED       [ 92%]
tests/test_transform.py::TestAddNseId::test_null_claim_id PASSED         [ 93%]
tests/test_transform.py::TestAddContractSourceSystemId::test_matching_join PASSED [ 94%]
tests/test_transform.py::TestAddContractSourceSystemId::test_non_matching_join_returns_null PASSED [ 96%]
tests/test_transform.py::TestAddContractSourceSystemId::test_different_source_system_no_match PASSED [ 97%]
tests/test_transform.py::TestBuildTransactions::test_output_columns PASSED [ 98%]
tests/test_transform.py::TestBuildTransactions::test_single_row_values PASSED [100%]

=================================== FAILURES ===================================
_______________________________ test_main_guard ________________________________

    def test_main_guard():
        with pytest.MonkeyPatch.context() as mp:
            # Optionally patch sys.argv or environment variables
            mp.setattr("sys.argv", ["main.py", "--help"])  # or any safe arguments
>           runpy.run_module("e3_contracts_to_transactions.main", run_name="__main__")

tests/test_main.py:324: 
_ _ _ _ _ _ _ _ _ _ _ _ _ _ _ _ _ _ _ _ _ _ _ _ _ _ _ _ _ _ _ _ _ _ _ _ _ _ _ _ 
<frozen runpy>:229: in run_module
    ???
<frozen runpy>:88: in _run_code
    ???
e3_contracts_to_transactions/main.py:132: in <module>
    main()
e3_contracts_to_transactions/main.py:108: in main
    args = parse_args(argv)
           ^^^^^^^^^^^^^^^^
e3_contracts_to_transactions/main.py:62: in parse_args
    return _build_parser().parse_args(argv)
           ^^^^^^^^^^^^^^^^^^^^^^^^^^^^^^^^
/opt/hostedtoolcache/Python/3.12.13/x64/lib/python3.12/argparse.py:1904: in parse_args
    args, argv = self.parse_known_args(args, namespace)
                 ^^^^^^^^^^^^^^^^^^^^^^^^^^^^^^^^^^^^^^
/opt/hostedtoolcache/Python/3.12.13/x64/lib/python3.12/argparse.py:1914: in parse_known_args
    return self._parse_known_args2(args, namespace, intermixed=False)
           ^^^^^^^^^^^^^^^^^^^^^^^^^^^^^^^^^^^^^^^^^^^^^^^^^^^^^^^^^^
/opt/hostedtoolcache/Python/3.12.13/x64/lib/python3.12/argparse.py:1943: in _parse_known_args2
    namespace, args = self._parse_known_args(args, namespace, intermixed)
                      ^^^^^^^^^^^^^^^^^^^^^^^^^^^^^^^^^^^^^^^^^^^^^^^^^^^
/opt/hostedtoolcache/Python/3.12.13/x64/lib/python3.12/argparse.py:2184: in _parse_known_args
    start_index = consume_optional(start_index)
                  ^^^^^^^^^^^^^^^^^^^^^^^^^^^^^
/opt/hostedtoolcache/Python/3.12.13/x64/lib/python3.12/argparse.py:2113: in consume_optional
    take_action(action, args, option_string)
/opt/hostedtoolcache/Python/3.12.13/x64/lib/python3.12/argparse.py:2018: in take_action
    action(self, namespace, argument_values, option_string)
/opt/hostedtoolcache/Python/3.12.13/x64/lib/python3.12/argparse.py:1149: in __call__
    parser.exit()
_ _ _ _ _ _ _ _ _ _ _ _ _ _ _ _ _ _ _ _ _ _ _ _ _ _ _ _ _ _ _ _ _ _ _ _ _ _ _ _ 

self = ArgumentParser(prog='main.py', usage=None, description='Europe 3 — Contracts-to-Transactions pipeline', formatter_class=<class 'argparse.HelpFormatter'>, conflict_handler='error', add_help=True)
status = 0, message = None

    def exit(self, status=0, message=None):
        if message:
            self._print_message(message, _sys.stderr)
>       _sys.exit(status)
E       SystemExit: 0

/opt/hostedtoolcache/Python/3.12.13/x64/lib/python3.12/argparse.py:2637: SystemExit
----------------------------- Captured stdout call -----------------------------
usage: main.py [-h] --contracts CONTRACTS --claims CLAIMS [--output OUTPUT]
               [--config CONFIG] [--log-level {DEBUG,INFO,WARNING,ERROR}]

Europe 3 — Contracts-to-Transactions pipeline

options:
  -h, --help            show this help message and exit
  --contracts CONTRACTS
                        Path to the contracts CSV file
  --claims CLAIMS       Path to the claims CSV file
  --output OUTPUT       Path for the output TRANSACTIONS CSV (default:
                        output/TRANSACTIONS.csv)
  --config CONFIG       Path to parameters.yaml (default:
                        config/parameters.yaml)
  --log-level {DEBUG,INFO,WARNING,ERROR}
                        Logging verbosity (default: INFO)
=============================== warnings summary ===============================
tests/test_main.py::test_main_guard
  <frozen runpy>:128: RuntimeWarning: 'e3_contracts_to_transactions.main' found in sys.modules after import of package 'e3_contracts_to_transactions', but prior to execution of 'e3_contracts_to_transactions.main'; this may result in unpredictable behaviour

-- Docs: https://docs.pytest.org/en/stable/how-to/capture-warnings.html
================================ tests coverage ================================
_______________ coverage: platform linux, python 3.12.13-final-0 _______________

Name                                        Stmts   Miss  Cover   Missing
-------------------------------------------------------------------------
e3_contracts_to_transactions/__init__.py        0      0   100%
e3_contracts_to_transactions/api.py            22      0   100%
e3_contracts_to_transactions/config.py         21      0   100%
e3_contracts_to_transactions/io_utils.py       24      0   100%
e3_contracts_to_transactions/main.py           40      0   100%
e3_contracts_to_transactions/schemas.py         2      0   100%
e3_contracts_to_transactions/transform.py      81      0   100%
-------------------------------------------------------------------------
TOTAL                                         190      0   100%
Coverage HTML written to dir ci-reports/coverage-html
Coverage XML written to file ci-reports/coverage.xml
=========================== short test summary info ============================
FAILED tests/test_main.py::test_main_guard - SystemExit: 0
=================== 1 failed, 78 passed, 1 warning in 30.97s ===================
